<?xml version="1.0" encoding="UTF-8"?>
<!-- Generated by org.testng.reporters.JUnitReportReporter -->
<testsuite hostname="DESKTOP-JCE9V8H" failures="0" tests="3" name="akhiraacademy.Tests.FinalSolution" time="28.602" errors="0" timestamp="2025-08-13T16:35:33 IST" skipped="0">
  <testcase classname="akhiraacademy.Tests.FinalSolution" name="submitOrder" time="15.599"/>
  <testcase classname="akhiraacademy.Tests.FinalSolution" name="LogoutApplication" time="1.447"/>
  <testcase classname="akhiraacademy.Tests.FinalSolution" name="submitOrder" time="11.556"/>
</testsuite> <!-- akhiraacademy.Tests.FinalSolution -->
