<?xml version="1.0" encoding="UTF-8"?>
<!-- Generated by org.testng.reporters.JUnitReportReporter -->
<testsuite hostname="DESKTOP-JCE9V8H" failures="0" tests="2" name="akhiraacademy.Tests.ErrorValidations" time="22.839" errors="0" timestamp="2025-08-13T16:35:33 IST" skipped="0">
  <testcase classname="akhiraacademy.Tests.ErrorValidations" name="ProductErrorValidation" time="9.374"/>
  <testcase classname="akhiraacademy.Tests.ErrorValidations" name="LoginErrorValidation" time="13.465"/>
</testsuite> <!-- akhiraacademy.Tests.ErrorValidations -->
