<?xml version="1.0" encoding="UTF-8"?>
<!-- Generated by org.testng.reporters.JUnitReportReporter -->
<testsuite hostname="DESKTOP-JCE9V8H" failures="0" tests="1" name="com.example.my_first_maven_project.Day4" time="0.004" errors="0" timestamp="2025-08-06T20:02:07 IST" skipped="0">
  <testcase classname="com.example.my_first_maven_project.Day4" name="cellLoanAPI" time="0.004"/>
</testsuite> <!-- com.example.my_first_maven_project.Day4 -->
