<?xml version="1.0" encoding="UTF-8"?>
<!-- Generated by org.testng.reporters.JUnitReportReporter -->
<testsuite hostname="DESKTOP-JCE9V8H" failures="0" tests="2" name="com.example.my_first_maven_project.DemoTestNG" time="0.020" errors="0" timestamp="2025-08-06T20:02:07 IST" skipped="0">
  <testcase classname="com.example.my_first_maven_project.DemoTestNG" name="DemoTest2" time="0.001"/>
  <testcase classname="com.example.my_first_maven_project.DemoTestNG" name="DemoTest" time="0.019"/>
</testsuite> <!-- com.example.my_first_maven_project.DemoTestNG -->
