<?xml version="1.0" encoding="UTF-8"?>
<!-- Generated by org.testng.reporters.JUnitReportReporter -->
<testsuite hostname="DESKTOP-JCE9V8H" failures="0" tests="1" name="NewLearnings.ChildClass" time="0.007" errors="0" timestamp="2025-08-06T21:33:43 IST" skipped="0">
  <testcase classname="NewLearnings.ChildClass" name="testRun" time="0.007"/>
</testsuite> <!-- NewLearnings.ChildClass -->
