<?xml version="1.0" encoding="UTF-8"?>
<!-- Generated by org.testng.reporters.JUnitReportReporter -->
<testsuite hostname="DESKTOP-JCE9V8H" failures="0" tests="5" name="com.example.my_first_maven_project.Day2" time="0.034" errors="0" timestamp="2025-08-06T20:02:07 IST" skipped="0">
  <testcase classname="com.example.my_first_maven_project.Day2" name="homeLoanMobile" time="0.003"/>
  <testcase classname="com.example.my_first_maven_project.Day2" name="NewLogin" time="0.022"/>
  <testcase classname="com.example.my_first_maven_project.Day2" name="homeLoanWeb" time="0.003"/>
  <testcase classname="com.example.my_first_maven_project.Day2" name="homeLoanWeb" time="0.003"/>
  <testcase classname="com.example.my_first_maven_project.Day2" name="homeLoanWeb" time="0.003"/>
</testsuite> <!-- com.example.my_first_maven_project.Day2 -->
