<?xml version="1.0" encoding="UTF-8"?>
<!-- Generated by org.testng.reporters.JUnitReportReporter -->
<testsuite hostname="DESKTOP-JCE9V8H" failures="0" tests="2" name="akhiraacademy.ErrorValidations" time="15.497" errors="0" timestamp="2025-08-10T22:39:30 IST" skipped="0">
  <testcase classname="akhiraacademy.ErrorValidations" name="ProductErrorValidation" time="12.269"/>
  <testcase classname="akhiraacademy.ErrorValidations" name="LoginErrorValidation" time="3.228"/>
</testsuite> <!-- akhiraacademy.ErrorValidations -->
