<?xml version="1.0" encoding="UTF-8"?>
<!-- Generated by org.testng.reporters.JUnitReportReporter -->
<testsuite hostname="DESKTOP-JCE9V8H" failures="0" tests="2" name="cucumber.TestNGTestRunner" time="15.397" errors="0" timestamp="2025-08-13T16:19:21 IST" skipped="0">
  <testcase classname="cucumber.TestNGTestRunner" name="runScenario" time="6.464"/>
  <testcase classname="cucumber.TestNGTestRunner" name="runScenario" time="8.933"/>
</testsuite> <!-- cucumber.TestNGTestRunner -->
