<?xml version="1.0" encoding="UTF-8"?>
<!-- Generated by org.testng.reporters.JUnitReportReporter -->
<testsuite hostname="DESKTOP-JCE9V8H" failures="0" tests="2" name="akhiraacademy.Tests.FinalSolutionHashMap" time="8.545" errors="0" timestamp="2025-08-11T22:30:12 IST" skipped="0">
  <testcase classname="akhiraacademy.Tests.FinalSolutionHashMap" name="submitOrder" time="4.605"/>
  <testcase classname="akhiraacademy.Tests.FinalSolutionHashMap" name="submitOrder" time="3.940"/>
</testsuite> <!-- akhiraacademy.Tests.FinalSolutionHashMap -->
