<?xml version="1.0" encoding="UTF-8"?>
<!-- Generated by org.testng.reporters.JUnitReportReporter -->
<testsuite hostname="DESKTOP-JCE9V8H" failures="0" tests="3" name="akhiraacademy.Tests.FinalSolutionJson" time="14.812" errors="0" timestamp="2025-08-13T22:13:38 IST" skipped="0">
  <testcase classname="akhiraacademy.Tests.FinalSolutionJson" name="submitOrder" time="6.280"/>
  <testcase classname="akhiraacademy.Tests.FinalSolutionJson" name="submitOrder" time="7.019"/>
  <testcase classname="akhiraacademy.Tests.FinalSolutionJson" name="LogoutApplication" time="1.513"/>
</testsuite> <!-- akhiraacademy.Tests.FinalSolutionJson -->
