<?xml version="1.0" encoding="UTF-8"?>
<!-- Generated by org.testng.reporters.JUnitReportReporter -->
<testsuite hostname="DESKTOP-JCE9V8H" failures="0" tests="3" name="akhiraacademy.Tests.FinalSolution" time="14.226" errors="0" timestamp="2025-08-12T21:14:32 IST" skipped="0">
  <testcase classname="akhiraacademy.Tests.FinalSolution" name="submitOrder" time="6.028"/>
  <testcase classname="akhiraacademy.Tests.FinalSolution" name="submitOrder" time="6.881"/>
  <testcase classname="akhiraacademy.Tests.FinalSolution" name="LogoutApplication" time="1.317"/>
</testsuite> <!-- akhiraacademy.Tests.FinalSolution -->
