<?xml version="1.0" encoding="UTF-8"?>
<!-- Generated by org.testng.reporters.JUnitReportReporter -->
<testsuite hostname="DESKTOP-JCE9V8H" failures="0" tests="1" name="akhiraacademy.ExtentReports.ExtentReportsDemo" time="3.698" errors="0" timestamp="2025-08-12T10:30:43 IST" skipped="0">
  <testcase classname="akhiraacademy.ExtentReports.ExtentReportsDemo" name="initialDemo" time="3.698"/>
</testsuite> <!-- akhiraacademy.ExtentReports.ExtentReportsDemo -->
